<?xml version="1.0" encoding="UTF-8"?>
<testng-results ignored="0" total="4" passed="4" failed="0" skipped="0">
  <reporter-output>
  </reporter-output>
  <suite started-at="2019-06-06T17:35:51Z" name="City by name and id suite" finished-at="2019-06-06T17:35:54Z" duration-ms="3131">
    <groups>
      <group name="cucumber">
        <method signature="AbstractTestNGCucumberTests.runScenario(cucumber.api.testng.PickleEventWrapper, cucumber.api.testng.CucumberFeatureWrapper)[pri:0, instance:suiteRunners.RunWeatherByIdTestSuite@24313fcc]" name="runScenario" class="cucumber.api.testng.AbstractTestNGCucumberTests"/>
        <method signature="AbstractTestNGCucumberTests.runScenario(cucumber.api.testng.PickleEventWrapper, cucumber.api.testng.CucumberFeatureWrapper)[pri:0, instance:suiteRunners.RunWeatherByNameTestSuite@5e5d171f]" name="runScenario" class="cucumber.api.testng.AbstractTestNGCucumberTests"/>
      </group> <!-- cucumber -->
    </groups>
    <test started-at="2019-06-06T17:35:51Z" name="Test" finished-at="2019-06-06T17:35:54Z" duration-ms="3131">
      <class name="suiteRunners.RunWeatherByNameTestSuite">
        <test-method is-config="true" signature="setUpClass()[pri:0, instance:suiteRunners.RunWeatherByNameTestSuite@5e5d171f]" started-at="2019-06-06T17:35:51Z" name="setUpClass" finished-at="2019-06-06T17:35:51Z" duration-ms="171" status="PASS">
          <reporter-output>
          </reporter-output>
        </test-method> <!-- setUpClass -->
        <test-method signature="runScenario(cucumber.api.testng.PickleEventWrapper, cucumber.api.testng.CucumberFeatureWrapper)[pri:0, instance:suiteRunners.RunWeatherByNameTestSuite@5e5d171f]" started-at="2019-06-06T17:35:51Z" name="runScenario" description="Runs Cucumber Scenarios" data-provider="scenarios" finished-at="2019-06-06T17:35:53Z" duration-ms="2284" status="PASS">
          <params>
            <param index="0">
              <value>
                <![CDATA["Query to get some of weather API info by city name"]]>
              </value>
            </param>
            <param index="1">
              <value>
                <![CDATA["Get weather info by city name"]]>
              </value>
            </param>
          </params>
          <reporter-output>
          </reporter-output>
        </test-method> <!-- runScenario -->
        <test-method signature="runScenario(cucumber.api.testng.PickleEventWrapper, cucumber.api.testng.CucumberFeatureWrapper)[pri:0, instance:suiteRunners.RunWeatherByNameTestSuite@5e5d171f]" started-at="2019-06-06T17:35:53Z" name="runScenario" description="Runs Cucumber Scenarios" data-provider="scenarios" finished-at="2019-06-06T17:35:53Z" duration-ms="97" status="PASS">
          <params>
            <param index="0">
              <value>
                <![CDATA["Query to check what happens if connecting without API key"]]>
              </value>
            </param>
            <param index="1">
              <value>
                <![CDATA["Get weather info by city name"]]>
              </value>
            </param>
          </params>
          <reporter-output>
          </reporter-output>
        </test-method> <!-- runScenario -->
        <test-method signature="runScenario(cucumber.api.testng.PickleEventWrapper, cucumber.api.testng.CucumberFeatureWrapper)[pri:0, instance:suiteRunners.RunWeatherByNameTestSuite@5e5d171f]" started-at="2019-06-06T17:35:53Z" name="runScenario" description="Runs Cucumber Scenarios" data-provider="scenarios" finished-at="2019-06-06T17:35:53Z" duration-ms="117" status="PASS">
          <params>
            <param index="0">
              <value>
                <![CDATA["Query to check what happens if city is non existing"]]>
              </value>
            </param>
            <param index="1">
              <value>
                <![CDATA["Get weather info by city name"]]>
              </value>
            </param>
          </params>
          <reporter-output>
          </reporter-output>
        </test-method> <!-- runScenario -->
        <test-method is-config="true" signature="tearDownClass()[pri:0, instance:suiteRunners.RunWeatherByNameTestSuite@5e5d171f]" started-at="2019-06-06T17:35:53Z" name="tearDownClass" finished-at="2019-06-06T17:35:54Z" duration-ms="103" status="PASS">
          <reporter-output>
          </reporter-output>
        </test-method> <!-- tearDownClass -->
      </class> <!-- suiteRunners.RunWeatherByNameTestSuite -->
      <class name="suiteRunners.RunWeatherByIdTestSuite">
        <test-method is-config="true" signature="setUpClass()[pri:0, instance:suiteRunners.RunWeatherByIdTestSuite@24313fcc]" started-at="2019-06-06T17:35:54Z" name="setUpClass" finished-at="2019-06-06T17:35:54Z" duration-ms="3" status="PASS">
          <reporter-output>
          </reporter-output>
        </test-method> <!-- setUpClass -->
        <test-method signature="runScenario(cucumber.api.testng.PickleEventWrapper, cucumber.api.testng.CucumberFeatureWrapper)[pri:0, instance:suiteRunners.RunWeatherByIdTestSuite@24313fcc]" started-at="2019-06-06T17:35:54Z" name="runScenario" description="Runs Cucumber Scenarios" data-provider="scenarios" finished-at="2019-06-06T17:35:54Z" duration-ms="178" status="PASS">
          <params>
            <param index="0">
              <value>
                <![CDATA["Query to get some of weather API info by city id"]]>
              </value>
            </param>
            <param index="1">
              <value>
                <![CDATA["Get weather info by city id"]]>
              </value>
            </param>
          </params>
          <reporter-output>
          </reporter-output>
        </test-method> <!-- runScenario -->
        <test-method is-config="true" signature="tearDownClass()[pri:0, instance:suiteRunners.RunWeatherByIdTestSuite@24313fcc]" started-at="2019-06-06T17:35:54Z" name="tearDownClass" finished-at="2019-06-06T17:35:54Z" duration-ms="113" status="PASS">
          <reporter-output>
          </reporter-output>
        </test-method> <!-- tearDownClass -->
      </class> <!-- suiteRunners.RunWeatherByIdTestSuite -->
    </test> <!-- Test -->
  </suite> <!-- City by name and id suite -->
</testng-results>
