<?xml version="1.0" encoding="UTF-8"?>
<testsuite xmlns:xsi="http://www.w3.org/2001/XMLSchema-instance" xsi:noNamespaceSchemaLocation="https://maven.apache.org/surefire/maven-surefire-plugin/xsd/surefire-test-report.xsd" name="TestSuite" time="4.094" tests="4" errors="0" skipped="0" failures="0">
  <properties>
[...]
</properties>
  <testcase name="runScenario" classname="suiteRunners.RunWeatherByNameTestSuite" time="2.285"/>
  <testcase name="runScenario" classname="suiteRunners.RunWeatherByNameTestSuite" time="0.097"/>
  <testcase name="runScenario" classname="suiteRunners.RunWeatherByNameTestSuite" time="0.116"/>
  <testcase name="runScenario" classname="suiteRunners.RunWeatherByIdTestSuite" time="0.092"/>
</testsuite>