<?xml version="1.0" encoding="UTF-8"?>
<!-- Generated by org.testng.reporters.JUnitReportReporter -->
<testsuite hostname="Vilmis-PC" failures="0" tests="3" name="suiteRunners.RunWeatherByNameTestSuite" time="2.589" errors="0" timestamp="06 birž. 2019 14:25:13 GMT" skipped="0">
  <testcase classname="suiteRunners.RunWeatherByNameTestSuite" name="runScenario" time="2.338"/>
  <testcase classname="suiteRunners.RunWeatherByNameTestSuite" name="runScenario" time="0.132"/>
  <testcase classname="suiteRunners.RunWeatherByNameTestSuite" name="runScenario" time="0.119"/>
</testsuite> <!-- suiteRunners.RunWeatherByNameTestSuite -->
