<?xml version="1.0" encoding="UTF-8"?>
<!-- Generated by org.testng.reporters.JUnitReportReporter -->
<testsuite hostname="Vilmis-PC" failures="0" tests="3" name="suiteRunners.RunWeatherByNameTestSuite" time="2.720" errors="0" timestamp="06 birž. 2019 18:46:04 GMT" skipped="0">
  <testcase classname="suiteRunners.RunWeatherByNameTestSuite" name="runScenario" time="0.129"/>
  <testcase classname="suiteRunners.RunWeatherByNameTestSuite" name="runScenario" time="2.500"/>
  <testcase classname="suiteRunners.RunWeatherByNameTestSuite" name="runScenario" time="0.091"/>
</testsuite> <!-- suiteRunners.RunWeatherByNameTestSuite -->
